# JRE version: Java(TM) SE Runtime Environment (25.0.3+9) (build 25.0.3+9-LTS-195)
# Java VM: Java HotSpot(TM) 64-Bit Server VM (25.0.3+9-LTS-195, mixed mode, sharing, tiered, compressed oops, compressed class ptrs, g1 gc, windows-amd64)
GC Precious Log:
 CardTable entry size: 512
 Card Set container configuration: InlinePtr #cards 5 size 8 Array Of Cards #cards 10 size 36 Howl #buckets 4 coarsen threshold 1843 Howl Bitmap #cards 512 size 80 coarsen threshold 460 Card regions per heap region 1 cards per card region 2048
 CPUs: 12 total, 12 available
 Memory: 7518M
 Large Page Support: Disabled
 NUMA Support: Disabled
 Compressed Oops: Enabled (32-bit)
 Heap Region Size: 1M
 Heap Min Capacity: 8M
 Heap Initial Capacity: 118M
 Heap Max Capacity: 1880M
 Pre-touch: Disabled
 Parallel Workers: 10
 Concurrent Workers: 3
 Concurrent Refinement Workers: 10
 Periodic GC: Disabled
Heap:
 garbage-first heap   total reserved 1925120K, committed 108544K, used 61589K [0x000000008a800000, 0x0000000100000000)
  region size 1024K, 36 young (36864K), 9 survivors (9216K)
GC Heap Usage History (10 events):
Event: 2.684 {heap Before GC invocations=0 (full 0):
 garbage-first heap   total reserved 1925120K, committed 122880K, used 49301K [0x000000008a800000, 0x0000000100000000)
  region size 1024K, 47 young (48128K), 0 survivors (0K)
}
Event: 2.697 {heap After GC invocations=1 (full 0):
 garbage-first heap   total reserved 1925120K, committed 122880K, used 5589K [0x000000008a800000, 0x0000000100000000)
  region size 1024K, 5 young (5120K), 5 survivors (5120K)
}
Event: 5.084 {heap Before GC invocations=1 (full 0):
 garbage-first heap   total reserved 1925120K, committed 122880K, used 57813K [0x000000008a800000, 0x0000000100000000)
  region size 1024K, 56 young (57344K), 5 survivors (5120K)
}
Event: 5.119 {heap After GC invocations=2 (full 0):
 garbage-first heap   total reserved 1925120K, committed 122880K, used 11740K [0x000000008a800000, 0x0000000100000000)
  region size 1024K, 7 young (7168K), 7 survivors (7168K)
}
Event: 7.540 {heap Before GC invocations=2 (full 0):
 garbage-first heap   total reserved 1925120K, committed 122880K, used 71132K [0x000000008a800000, 0x0000000100000000)
  region size 1024K, 65 young (66560K), 7 survivors (7168K)
}
Event: 7.571 {heap After GC invocations=3 (full 0):
 garbage-first heap   total reserved 1925120K, committed 122880K, used 15509K [0x000000008a800000, 0x0000000100000000)
  region size 1024K, 4 young (4096K), 4 survivors (4096K)
}
Event: 11.994 {heap Before GC invocations=3 (full 0):
 garbage-first heap   total reserved 1925120K, committed 122880K, used 49301K [0x000000008a800000, 0x0000000100000000)
  region size 1024K, 32 young (32768K), 4 survivors (4096K)
}
Event: 12.017 {heap After GC invocations=4 (full 0):
 garbage-first heap   total reserved 1925120K, committed 122880K, used 26325K [0x000000008a800000, 0x0000000100000000)
  region size 1024K, 9 young (9216K), 9 survivors (9216K)
}
Event: 17.998 {heap Before GC invocations=5 (full 0):
 garbage-first heap   total reserved 1925120K, committed 92160K, used 87765K [0x000000008a800000, 0x0000000100000000)
  region size 1024K, 70 young (71680K), 9 survivors (9216K)
}
Event: 18.034 {heap After GC invocations=6 (full 0):
 garbage-first heap   total reserved 1925120K, committed 108544K, used 31893K [0x000000008a800000, 0x0000000100000000)
  region size 1024K, 9 young (9216K), 9 survivors (9216K)
}

